<?xml version="1.0" encoding="UTF-8"?>
<!-- Generated by org.testng.reporters.JUnitXMLReporter -->
<testsuite ignored="0" hostname="DESKTOP-RSLJM3H" failures="0" tests="3" name="Default test" time="0.07" errors="0" timestamp="2025-10-14T22:52:32 IST">
  <testcase classname="com.sample.SampleRun" name="method1" time="0.011"/>
  <testcase classname="com.sample.SampleRun" name="method2" time="0.001"/>
  <testcase classname="com.sample.SampleRun" name="method3" time="0.001"/>
</testsuite> <!-- Default test -->
