<?xml version="1.0" encoding="UTF-8"?>
<!-- Generated by org.testng.reporters.JUnitXMLReporter -->
<testsuite ignored="1" hostname="DESKTOP-RSLJM3H" failures="0" tests="2" name="test" time="0.061" errors="0" timestamp="2025-10-14T22:56:34 IST">
  <testcase classname="com.sample.SampleRun" name="method1" time="0.01"/>
  <testcase classname="com.sample.SampleRun" name="method3" time="0.001"/>
  <testcase classname="com.sample.SampleRun" name="method2" time="0.0">
    <ignored/>
  </testcase> <!-- method2 -->
</testsuite> <!-- test -->
