<?xml version="1.0" encoding="UTF-8"?>
<testng-results ignored="0" total="2" passed="2" failed="0" skipped="0">
  <reporter-output>
  </reporter-output>
  <suite started-at="2025-10-14T22:56:34 IST" name="Suite" finished-at="2025-10-14T22:56:34 IST" duration-ms="61">
    <groups>
      <group name="@smoke">
        <method signature="SampleRun.method1()[pri:0, instance:com.sample.SampleRun@77c2494c]" name="method1" class="com.sample.SampleRun"/>
        <method signature="SampleRun.method3()[pri:0, instance:com.sample.SampleRun@77c2494c]" name="method3" class="com.sample.SampleRun"/>
      </group> <!-- @smoke -->
    </groups>
    <test started-at="2025-10-14T22:56:34 IST" name="test" finished-at="2025-10-14T22:56:34 IST" duration-ms="61">
      <class name="com.sample.SampleRun">
        <test-method signature="method1()[pri:0, instance:com.sample.SampleRun@77c2494c]" started-at="2025-10-14T22:56:34 IST" name="method1" finished-at="2025-10-14T22:56:34 IST" duration-ms="10" status="PASS">
          <reporter-output>
          </reporter-output>
        </test-method> <!-- method1 -->
        <test-method signature="method3()[pri:0, instance:com.sample.SampleRun@77c2494c]" started-at="2025-10-14T22:56:34 IST" name="method3" finished-at="2025-10-14T22:56:34 IST" duration-ms="1" status="PASS">
          <reporter-output>
          </reporter-output>
        </test-method> <!-- method3 -->
      </class> <!-- com.sample.SampleRun -->
    </test> <!-- test -->
  </suite> <!-- Suite -->
</testng-results>
